[debug] [2021-05-16T21:16:00.788Z] ----------------------------------------------------------------------
[debug] [2021-05-16T21:16:00.802Z] Command:       C:\Program Files\nodejs\node.exe C:\Users\Jena\AppData\Roaming\npm\node_modules\firebase-tools\lib\bin\firebase.js init
[debug] [2021-05-16T21:16:00.804Z] CLI Version:   9.10.2
[debug] [2021-05-16T21:16:00.804Z] Platform:      win32
[debug] [2021-05-16T21:16:00.804Z] Node Version:  v14.17.0
[debug] [2021-05-16T21:16:00.849Z] Time:          Mon May 17 2021 02:46:00 GMT+0530 (India Standard Time)
[debug] [2021-05-16T21:16:00.850Z] ----------------------------------------------------------------------
[debug] 
[debug] [2021-05-16T21:16:00.940Z] > command requires scopes: ["email","openid","https://www.googleapis.com/auth/cloudplatformprojects.readonly","https://www.googleapis.com/auth/firebase","https://www.googleapis.com/auth/cloud-platform"]
[debug] [2021-05-16T21:16:00.942Z] > authorizing via signed-in user (pandyaprahar401@gmail.com)
[info] 
     ######## #### ########  ######## ########     ###     ######  ########
     ##        ##  ##     ## ##       ##     ##  ##   ##  ##       ##
     ######    ##  ########  ######   ########  #########  ######  ######
     ##        ##  ##    ##  ##       ##     ## ##     ##       ## ##
     ##       #### ##     ## ######## ########  ##     ##  ######  ########

You're about to initialize a Firebase project in this directory:

  F:\react\covid

Before we get started, keep in mind:

  * You are initializing in an existing Firebase project directory

